<?xml version="1.0" encoding="UTF-8"?>
<!-- Generated by org.testng.reporters.JUnitReportReporter -->
<testsuite hostname="Sreeni" name="com.api.rmgYantra.GetSingleProject" tests="2" failures="0" timestamp="22 Apr 2021 18:48:29 GMT" time="59.270" errors="0">
  <testcase name="getAllProjects" time="58.386" classname="com.api.rmgYantra.GetSingleProject"/>
  <testcase name="getSignleProject" time="0.884" classname="com.api.rmgYantra.GetSingleProject"/>
</testsuite> <!-- com.api.rmgYantra.GetSingleProject -->
